"../../../Engine/Content/EngineMaterials/T_Default_Material_Grid_N.uasset" 0
"../../../Engine/Content/EngineMaterials/T_Default_Material_Grid_N.uexp" 1
"../../../Engine/Content/EngineMaterials/T_Default_Material_Grid_N.ubulk" 2
"../../../Engine/Content/EngineMaterials/T_Default_Material_Grid_M.uasset" 3
"../../../Engine/Content/EngineMaterials/T_Default_Material_Grid_M.uexp" 4
"../../../Engine/Content/EngineMaterials/T_Default_Material_Grid_M.ubulk" 5
"../../../Engine/Content/Functions/Engine_MaterialFunctions01/Opacity/CameraDepthFade.uasset" 6
"../../../Engine/Content/Functions/Engine_MaterialFunctions01/Opacity/CameraDepthFade.uexp" 7
"../../../Engine/Content/EngineMaterials/WorldGridMaterial.uasset" 8
"../../../Engine/Content/EngineMaterials/WorldGridMaterial.uexp" 9
"../../../Engine/Content/ArtTools/RenderToTexture/Meshes/S_1_Unit_Plane.uasset" 10
"../../../Engine/Content/ArtTools/RenderToTexture/Meshes/S_1_Unit_Plane.uexp" 11
"../../../Engine/Content/BasicShapes/Plane.uasset" 12
"../../../Engine/Content/BasicShapes/Plane.uexp" 13
"../../../Engine/Content/EditorLandscapeResources/DataLayer.uasset" 14
"../../../Engine/Content/EditorLandscapeResources/DataLayer.uexp" 15
"../../../Engine/Content/EditorLandscapeResources/DefaultAlphaTexture.uasset" 16
"../../../Engine/Content/EditorLandscapeResources/DefaultAlphaTexture.uexp" 17
"../../../Engine/Content/EditorMaterials/MAT_Groups_Toggle.uasset" 18
"../../../Engine/Content/EditorMaterials/MAT_Groups_Toggle.uexp" 19
"../../../Engine/Content/EditorMaterials/MAT_Groups_Visibility.uasset" 20
"../../../Engine/Content/EditorMaterials/MAT_Groups_Visibility.uexp" 21
"../../../Engine/Content/EditorMaterials/PreviewShadowIndicator.uasset" 22
"../../../Engine/Content/EditorMaterials/PreviewShadowIndicator.uexp" 23
"../../../Engine/Content/EditorMaterials/PreviewShadowIndicator.ubulk" 24
"../../../Engine/Content/EditorMaterials/PreviewShadowIndicatorMaterial.uasset" 25
"../../../Engine/Content/EditorMaterials/PreviewShadowIndicatorMaterial.uexp" 26
"../../../Engine/Content/EditorMaterials/MatineeGroups/MAT_ColorTrack.uasset" 27
"../../../Engine/Content/EditorMaterials/MatineeGroups/MAT_ColorTrack.uexp" 28
"../../../Engine/Content/EditorMaterials/MatineeGroups/MAT_Groups_Anim.uasset" 29
"../../../Engine/Content/EditorMaterials/MatineeGroups/MAT_Groups_Anim.uexp" 30
"../../../Engine/Content/EditorMaterials/MatineeGroups/MAT_Groups_AudioMaster.uasset" 31
"../../../Engine/Content/EditorMaterials/MatineeGroups/MAT_Groups_AudioMaster.uexp" 32
"../../../Engine/Content/EditorMaterials/MatineeGroups/MAT_Groups_Director.uasset" 33
"../../../Engine/Content/EditorMaterials/MatineeGroups/MAT_Groups_Director.uexp" 34
"../../../Engine/Content/EditorMaterials/MatineeGroups/MAT_Groups_Event.uasset" 35
"../../../Engine/Content/EditorMaterials/MatineeGroups/MAT_Groups_Event.uexp" 36
"../../../Engine/Content/EditorMaterials/MatineeGroups/MAT_Groups_Fade.uasset" 37
"../../../Engine/Content/EditorMaterials/MatineeGroups/MAT_Groups_Fade.uexp" 38
"../../../Engine/Content/EditorMaterials/MatineeGroups/MAT_Groups_Float.uasset" 39
"../../../Engine/Content/EditorMaterials/MatineeGroups/MAT_Groups_Float.uexp" 40
"../../../Engine/Content/EditorMaterials/MatineeGroups/MAT_Groups_Move.uasset" 41
"../../../Engine/Content/EditorMaterials/MatineeGroups/MAT_Groups_Move.uexp" 42
"../../../Engine/Content/EditorMaterials/MatineeGroups/MAT_Groups_Slomo.uasset" 43
"../../../Engine/Content/EditorMaterials/MatineeGroups/MAT_Groups_Slomo.uexp" 44
"../../../Engine/Content/EditorMaterials/MatineeGroups/MAT_Groups_Sound.uasset" 45
"../../../Engine/Content/EditorMaterials/MatineeGroups/MAT_Groups_Sound.uexp" 46
"../../../Engine/Content/EditorMaterials/MatineeGroups/MAT_Groups_Vector.uasset" 47
"../../../Engine/Content/EditorMaterials/MatineeGroups/MAT_Groups_Vector.uexp" 48
"../../../Engine/Content/EditorMaterials/ParticleSystems/PSysThumbnail_NoImage.uasset" 49
"../../../Engine/Content/EditorMaterials/ParticleSystems/PSysThumbnail_NoImage.uexp" 50
"../../../Engine/Content/EditorMaterials/ParticleSystems/PSysThumbnail_NoImage.ubulk" 51
"../../../Engine/Content/EditorMaterials/ParticleSystems/PSysThumbnail_OOD.uasset" 52
"../../../Engine/Content/EditorMaterials/ParticleSystems/PSysThumbnail_OOD.uexp" 53
"../../../Engine/Content/EditorMaterials/ParticleSystems/PSysThumbnail_OOD.ubulk" 54
"../../../Engine/Content/EditorMaterials/Camera/CineMat.uasset" 55
"../../../Engine/Content/EditorMaterials/Camera/CineMat.uexp" 56
"../../../Engine/Content/EditorMaterials/Camera/MI_CineMat_Rig.uasset" 57
"../../../Engine/Content/EditorMaterials/Camera/MI_CineMat_Rig.uexp" 58
"../../../Engine/Content/EditorMeshes/Camera/SM_CraneRig_Arm.uasset" 59
"../../../Engine/Content/EditorMeshes/Camera/SM_CraneRig_Arm.uexp" 60
"../../../Engine/Content/EditorMeshes/Camera/SM_CraneRig_Base.uasset" 61
"../../../Engine/Content/EditorMeshes/Camera/SM_CraneRig_Base.uexp" 62
"../../../Engine/Content/EditorMeshes/Camera/SM_CraneRig_Body.uasset" 63
"../../../Engine/Content/EditorMeshes/Camera/SM_CraneRig_Body.uexp" 64
"../../../Engine/Content/EditorMeshes/Camera/SM_CraneRig_Mount.uasset" 65
"../../../Engine/Content/EditorMeshes/Camera/SM_CraneRig_Mount.uexp" 66
"../../../Engine/Content/EditorMeshes/Camera/SM_RailRig_Mount.uasset" 67
"../../../Engine/Content/EditorMeshes/Camera/SM_RailRig_Mount.uexp" 68
"../../../Engine/Content/EditorMeshes/Camera/SM_RailRig_Track.uasset" 69
"../../../Engine/Content/EditorMeshes/Camera/SM_RailRig_Track.uexp" 70
"../../../Engine/Content/EditorResources/BSPVertex.uasset" 71
"../../../Engine/Content/EditorResources/BSPVertex.uexp" 72
"../../../Engine/Content/EditorResources/EmptyActor.uasset" 73
"../../../Engine/Content/EditorResources/EmptyActor.uexp" 74
"../../../Engine/Content/EditorResources/S_Actor.uasset" 75
"../../../Engine/Content/EditorResources/S_Actor.uexp" 76
"../../../Engine/Content/EditorResources/S_Actor.ubulk" 77
"../../../Engine/Content/EditorResources/S_Note.uasset" 78
"../../../Engine/Content/EditorResources/S_Note.uexp" 79
"../../../Engine/Content/EditorResources/S_Note.ubulk" 80
"../../../Engine/Content/EditorResources/S_Solver.uasset" 81
"../../../Engine/Content/EditorResources/S_Solver.uexp" 82
"../../../Engine/Content/EditorResources/S_Solver.ubulk" 83
"../../../Engine/Content/EditorResources/S_Terrain.uasset" 84
"../../../Engine/Content/EditorResources/S_Terrain.uexp" 85
"../../../Engine/Content/EditorResources/S_Terrain.ubulk" 86
"../../../Engine/Content/EditorResources/S_Trigger.uasset" 87
"../../../Engine/Content/EditorResources/S_Trigger.uexp" 88
"../../../Engine/Content/EditorResources/S_Trigger.ubulk" 89
"../../../Engine/Content/EditorResources/LightIcons/S_LightError.uasset" 90
"../../../Engine/Content/EditorResources/LightIcons/S_LightError.uexp" 91
"../../../Engine/Content/EditorResources/SequenceRecorder/Countdown.uasset" 92
"../../../Engine/Content/EditorResources/SequenceRecorder/Countdown.uexp" 93
"../../../Engine/Content/EditorResources/SequenceRecorder/RecordingIndicator.uasset" 94
"../../../Engine/Content/EditorResources/SequenceRecorder/RecordingIndicator.uexp" 95
"../../../Engine/Content/EngineDamageTypes/DmgTypeBP_Environmental.uasset" 96
"../../../Engine/Content/EngineDamageTypes/DmgTypeBP_Environmental.uexp" 97
"../../../Engine/Content/EngineDebugMaterials/DebugEditorMaterial.uasset" 98
"../../../Engine/Content/EngineDebugMaterials/DebugEditorMaterial.uexp" 99
"../../../Engine/Content/EngineDebugMaterials/DebugMeshMaterial.uasset" 100
"../../../Engine/Content/EngineDebugMaterials/DebugMeshMaterial.uexp" 101
"../../../Engine/Content/EngineDebugMaterials/M_SimpleUnlitTranslucent.uasset" 102
"../../../Engine/Content/EngineDebugMaterials/M_SimpleUnlitTranslucent.uexp" 103
"../../../Engine/Content/EngineDebugMaterials/VolumeToRender.uasset" 104
"../../../Engine/Content/EngineDebugMaterials/VolumeToRender.uexp" 105
"../../../Engine/Content/Functions/Engine_MaterialFunctions02/Utility/CameraDirectionVector.uasset" 106
"../../../Engine/Content/Functions/Engine_MaterialFunctions02/Utility/CameraDirectionVector.uexp" 107
"../../../Engine/Content/EngineDebugMaterials/M_VolumeRenderSphereTracePP.uasset" 108
"../../../Engine/Content/EngineDebugMaterials/M_VolumeRenderSphereTracePP.uexp" 109
"../../../Engine/Content/Functions/Engine_MaterialFunctions01/Shading/ConvertFromDiffSpec.uasset" 110
"../../../Engine/Content/Functions/Engine_MaterialFunctions01/Shading/ConvertFromDiffSpec.uexp" 111
"../../../Engine/Content/EngineDebugMaterials/VertexColorMaterial.uasset" 112
"../../../Engine/Content/EngineDebugMaterials/VertexColorMaterial.uexp" 113
"../../../Engine/Content/EngineDebugMaterials/WireframeMaterial.uasset" 114
"../../../Engine/Content/EngineDebugMaterials/WireframeMaterial.uexp" 115
"../../../Engine/Content/EngineFonts/Faces/RobotoRegular.uasset" 116
"../../../Engine/Content/EngineFonts/Faces/RobotoRegular.uexp" 117
"../../../Engine/Content/EngineFonts/Faces/RobotoRegular.ufont" 118
"../../../Engine/Content/EngineFonts/Faces/RobotoLight.uasset" 119
"../../../Engine/Content/EngineFonts/Faces/RobotoLight.uexp" 120
"../../../Engine/Content/EngineFonts/Faces/RobotoLight.ufont" 121
"../../../Engine/Content/EngineFonts/Faces/RobotoItalic.uasset" 122
"../../../Engine/Content/EngineFonts/Faces/RobotoItalic.uexp" 123
"../../../Engine/Content/EngineFonts/Faces/RobotoItalic.ufont" 124
"../../../Engine/Content/EngineFonts/Faces/RobotoBoldItalic.uasset" 125
"../../../Engine/Content/EngineFonts/Faces/RobotoBoldItalic.uexp" 126
"../../../Engine/Content/EngineFonts/Faces/RobotoBoldItalic.ufont" 127
"../../../Engine/Content/EngineFonts/Faces/RobotoBold.uasset" 128
"../../../Engine/Content/EngineFonts/Faces/RobotoBold.uexp" 129
"../../../Engine/Content/EngineFonts/Faces/RobotoBold.ufont" 130
"../../../Engine/Content/EngineFonts/Faces/DroidSansFallback.uasset" 131
"../../../Engine/Content/EngineFonts/Faces/DroidSansFallback.uexp" 132
"../../../Engine/Content/EngineFonts/Faces/DroidSansFallback.ufont" 133
"../../../Engine/Content/EngineFonts/Roboto.uasset" 134
"../../../Engine/Content/EngineFonts/Roboto.uexp" 135
"../../../Engine/Content/EngineMaterials/BaseFlattenNormalMap.uasset" 136
"../../../Engine/Content/EngineMaterials/BaseFlattenNormalMap.uexp" 137
"../../../Engine/Content/EngineMaterials/BaseFlattenGrayscaleMap.uasset" 138
"../../../Engine/Content/EngineMaterials/BaseFlattenGrayscaleMap.uexp" 139
"../../../Engine/Content/EngineMaterials/BaseFlattenEmissiveMap.uasset" 140
"../../../Engine/Content/EngineMaterials/BaseFlattenEmissiveMap.uexp" 141
"../../../Engine/Content/EngineMaterials/BaseFlattenDiffuseMap.uasset" 142
"../../../Engine/Content/EngineMaterials/BaseFlattenDiffuseMap.uexp" 143
"../../../Engine/Content/EngineMaterials/BaseFlattenMaterial.uasset" 144
"../../../Engine/Content/EngineMaterials/BaseFlattenMaterial.uexp" 145
"../../../Engine/Content/EngineMaterials/BlueNoise.uasset" 146
"../../../Engine/Content/EngineMaterials/BlueNoise.uexp" 147
"../../../Engine/Content/EngineMaterials/DefaultBloomKernel.uasset" 148
"../../../Engine/Content/EngineMaterials/DefaultBloomKernel.uexp" 149
"../../../Engine/Content/EngineMaterials/DefaultBokeh.uasset" 150
"../../../Engine/Content/EngineMaterials/DefaultBokeh.uexp" 151
"../../../Engine/Content/EngineMaterials/DefaultDiffuse.uasset" 152
"../../../Engine/Content/EngineMaterials/DefaultDiffuse.uexp" 153
"../../../Engine/Content/EngineMaterials/DefaultDiffuse.ubulk" 154
"../../../Engine/Content/EngineMaterials/DefaultDeferredDecalMaterial.uasset" 155
"../../../Engine/Content/EngineMaterials/DefaultDeferredDecalMaterial.uexp" 156
"../../../Engine/Content/EngineMaterials/DefaultLightFunctionMaterial.uasset" 157
"../../../Engine/Content/EngineMaterials/DefaultLightFunctionMaterial.uexp" 158
"../../../Engine/Content/EngineMaterials/DefaultPhysicalMaterial.uasset" 159
"../../../Engine/Content/EngineMaterials/DefaultPhysicalMaterial.uexp" 160
"../../../Engine/Content/Functions/Engine_MaterialFunctions02/Utility/BreakOutFloat2Components.uasset" 161
"../../../Engine/Content/Functions/Engine_MaterialFunctions02/Utility/BreakOutFloat2Components.uexp" 162
"../../../Engine/Content/EngineMaterials/DefaultPostProcessMaterial.uasset" 163
"../../../Engine/Content/EngineMaterials/DefaultPostProcessMaterial.uexp" 164
"../../../Engine/Content/EngineFonts/RobotoDistanceField.uasset" 165
"../../../Engine/Content/EngineFonts/RobotoDistanceField.uexp" 166
"../../../Engine/Content/EngineMaterials/DefaultTextMaterialOpaque.uasset" 167
"../../../Engine/Content/EngineMaterials/DefaultTextMaterialOpaque.uexp" 168
"../../../Engine/Content/EngineMaterials/DefaultWhiteGrid.uasset" 169
"../../../Engine/Content/EngineMaterials/DefaultWhiteGrid.uexp" 170
"../../../Engine/Content/EngineMaterials/DefaultWhiteGrid.ubulk" 171
"../../../Engine/Content/EngineMaterials/DefaultWhiteGrid_Low.uasset" 172
"../../../Engine/Content/EngineMaterials/DefaultWhiteGrid_Low.uexp" 173
"../../../Engine/Content/EngineMaterials/EmissiveMeshMaterial.uasset" 174
"../../../Engine/Content/EngineMaterials/EmissiveMeshMaterial.uexp" 175
"../../../Engine/Content/EngineMaterials/GizmoMaterial.uasset" 176
"../../../Engine/Content/EngineMaterials/GizmoMaterial.uexp" 177
"../../../Engine/Content/EngineMaterials/Good64x64TilingNoiseHighFreq.uasset" 178
"../../../Engine/Content/EngineMaterials/Good64x64TilingNoiseHighFreq.uexp" 179
"../../../Engine/Content/EngineMaterials/MiniFont.uasset" 180
"../../../Engine/Content/EngineMaterials/MiniFont.uexp" 181
"../../../Engine/Content/EngineMaterials/InvalidLightmapSettings.uasset" 182
"../../../Engine/Content/EngineMaterials/InvalidLightmapSettings.uexp" 183
"../../../Engine/Content/EngineMaterials/InvalidLightmapSettings.ubulk" 184
"../../../Engine/Content/EngineMaterials/M_InvalidLightmapSettings.uasset" 185
"../../../Engine/Content/EngineMaterials/M_InvalidLightmapSettings.uexp" 186
"../../../Engine/Content/Functions/Engine_MaterialFunctions02/WorldPositionOffset/CameraOffset.uasset" 187
"../../../Engine/Content/Functions/Engine_MaterialFunctions02/WorldPositionOffset/CameraOffset.uexp" 188
"../../../Engine/Content/EngineMaterials/PhAT_JointLimitMaterial.uasset" 189
"../../../Engine/Content/EngineMaterials/PhAT_JointLimitMaterial.uexp" 190
"../../../Engine/Content/EngineMaterials/DefaultCalibrationColor.uasset" 191
"../../../Engine/Content/EngineMaterials/DefaultCalibrationColor.uexp" 192
"../../../Engine/Content/EngineMaterials/PPM_DefaultCalibrationColor.uasset" 193
"../../../Engine/Content/EngineMaterials/PPM_DefaultCalibrationColor.uexp" 194
"../../../Engine/Content/EngineMaterials/DefaultCalibrationGrayscale.uasset" 195
"../../../Engine/Content/EngineMaterials/DefaultCalibrationGrayscale.uexp" 196
"../../../Engine/Content/EngineMaterials/PPM_DefaultCalibrationGrayscale.uasset" 197
"../../../Engine/Content/EngineMaterials/PPM_DefaultCalibrationGrayscale.uexp" 198
"../../../Engine/Content/EngineMaterials/PreintegratedSkinBRDF.uasset" 199
"../../../Engine/Content/EngineMaterials/PreintegratedSkinBRDF.uexp" 200
"../../../Engine/Content/EngineMaterials/RemoveSurfaceMaterial.uasset" 201
"../../../Engine/Content/EngineMaterials/RemoveSurfaceMaterial.uexp" 202
"../../../Engine/Content/EngineMaterials/WeightMapPlaceholderTexture.uasset" 203
"../../../Engine/Content/EngineMaterials/WeightMapPlaceholderTexture.uexp" 204
"../../../Engine/Content/EngineResources/WhiteSquareTexture.uasset" 205
"../../../Engine/Content/EngineResources/WhiteSquareTexture.uexp" 206
"../../../Engine/Content/EngineMaterials/Widget3DPassThrough.uasset" 207
"../../../Engine/Content/EngineMaterials/Widget3DPassThrough.uexp" 208
"../../../Engine/Content/EngineMaterials/Widget3DPassThrough_Masked.uasset" 209
"../../../Engine/Content/EngineMaterials/Widget3DPassThrough_Masked.uexp" 210
"../../../Engine/Content/EngineMaterials/Widget3DPassThrough_Opaque.uasset" 211
"../../../Engine/Content/EngineMaterials/Widget3DPassThrough_Opaque.uexp" 212
"../../../Engine/Content/EngineMaterials/Widget3DPassThrough_Masked_OneSided.uasset" 213
"../../../Engine/Content/EngineMaterials/Widget3DPassThrough_Masked_OneSided.uexp" 214
"../../../Engine/Content/EngineMaterials/Widget3DPassThrough_Opaque_OneSided.uasset" 215
"../../../Engine/Content/EngineMaterials/Widget3DPassThrough_Opaque_OneSided.uexp" 216
"../../../Engine/Content/EngineMaterials/Widget3DPassThrough_Translucent.uasset" 217
"../../../Engine/Content/EngineMaterials/Widget3DPassThrough_Translucent.uexp" 218
"../../../Engine/Content/EngineMaterials/Widget3DPassThrough_Translucent_OneSided.uasset" 219
"../../../Engine/Content/EngineMaterials/Widget3DPassThrough_Translucent_OneSided.uexp" 220
"../../../Engine/Content/EngineMaterials/DefaultMaterial.uasset" 221
"../../../Engine/Content/EngineMaterials/DefaultMaterial.uexp" 222
"../../../Engine/Content/EngineMeshes/Cylinder.uasset" 223
"../../../Engine/Content/EngineMeshes/Cylinder.uexp" 224
"../../../Engine/Content/EngineMeshes/Sphere.uasset" 225
"../../../Engine/Content/EngineMeshes/Sphere.uexp" 226
"../../../Engine/Content/EngineResources/DefaultTexture.uasset" 227
"../../../Engine/Content/EngineResources/DefaultTexture.uexp" 228
"../../../Engine/Content/EngineResources/DefaultTexture.ubulk" 229
"../../../Engine/Content/EngineResources/DefaultTextureCube.uasset" 230
"../../../Engine/Content/EngineResources/DefaultTextureCube.uexp" 231
"../../../Engine/Content/EngineResources/DefaultVolumeTexture2D.uasset" 232
"../../../Engine/Content/EngineResources/DefaultVolumeTexture2D.uexp" 233
"../../../Engine/Content/EngineResources/DefaultVolumeTexture.uasset" 234
"../../../Engine/Content/EngineResources/DefaultVolumeTexture.uexp" 235
"../../../Engine/Content/EngineResources/GradientTexture0.uasset" 236
"../../../Engine/Content/EngineResources/GradientTexture0.uexp" 237
"../../../Engine/Content/EngineSky/VolumetricClouds/T_NoiseShape64.uasset" 238
"../../../Engine/Content/EngineSky/VolumetricClouds/T_NoiseShape64.uexp" 239
"../../../Engine/Content/EngineSky/VolumetricClouds/T_NoiseShape64.ubulk" 240
"../../../Engine/Content/EngineSky/VolumetricClouds/T_VolumeNoiseShape64.uasset" 241
"../../../Engine/Content/EngineSky/VolumetricClouds/T_VolumeNoiseShape64.uexp" 242
"../../../Engine/Content/EngineSky/VolumetricClouds/T_NoiseErosion.uasset" 243
"../../../Engine/Content/EngineSky/VolumetricClouds/T_NoiseErosion.uexp" 244
"../../../Engine/Content/EngineSky/VolumetricClouds/T_NoiseErosion.ubulk" 245
"../../../Engine/Content/EngineSky/VolumetricClouds/T_VolumeNoiseErosion32.uasset" 246
"../../../Engine/Content/EngineSky/VolumetricClouds/T_VolumeNoiseErosion32.uexp" 247
"../../../Engine/Content/EngineSky/VolumetricClouds/CloudWeatherTexture.uasset" 248
"../../../Engine/Content/EngineSky/VolumetricClouds/CloudWeatherTexture.uexp" 249
"../../../Engine/Content/EngineSky/VolumetricClouds/CloudGradientTexture.uasset" 250
"../../../Engine/Content/EngineSky/VolumetricClouds/CloudGradientTexture.uexp" 251
"../../../Engine/Content/Functions/Engine_MaterialFunctions02/Utility/MakeFloat2.uasset" 252
"../../../Engine/Content/Functions/Engine_MaterialFunctions02/Utility/MakeFloat2.uexp" 253
"../../../Engine/Content/EngineSky/VolumetricClouds/m_SimpleVolumetricCloud.uasset" 254
"../../../Engine/Content/EngineSky/VolumetricClouds/m_SimpleVolumetricCloud.uexp" 255
"../../../Engine/Content/EngineSky/VolumetricClouds/m_SimpleVolumetricCloud_Inst.uasset" 256
"../../../Engine/Content/EngineSky/VolumetricClouds/m_SimpleVolumetricCloud_Inst.uexp" 257
"../../../Engine/Content/EngineSounds/Master.uasset" 258
"../../../Engine/Content/EngineSounds/Master.uexp" 259
"../../../Engine/Content/Functions/Engine_MaterialFunctions01/Shading/PowerToRoughness.uasset" 260
"../../../Engine/Content/Functions/Engine_MaterialFunctions01/Shading/PowerToRoughness.uexp" 261
"../../../Engine/Content/Maps/Templates/Thumbnails/Default.uasset" 262
"../../../Engine/Content/Maps/Templates/Thumbnails/Default.uexp" 263
"../../../Engine/Content/Maps/Templates/Thumbnails/TimeOfDay.uasset" 264
"../../../Engine/Content/Maps/Templates/Thumbnails/TimeOfDay.uexp" 265
"../../../Engine/Content/Maps/Templates/Thumbnails/VR-Basic.uasset" 266
"../../../Engine/Content/Maps/Templates/Thumbnails/VR-Basic.uexp" 267
"../../../Engine/Content/MobileResources/T_MobileControls_texture.uasset" 268
"../../../Engine/Content/MobileResources/T_MobileControls_texture.uexp" 269
"../../../Engine/Content/MobileResources/T_MobileMenu2.uasset" 270
"../../../Engine/Content/MobileResources/T_MobileMenu2.uexp" 271
"../../../Engine/Content/MobileResources/HUD/AnalogHat.uasset" 272
"../../../Engine/Content/MobileResources/HUD/AnalogHat.uexp" 273
"../../../Engine/Content/MobileResources/HUD/VirtualJoystick_Thumb.uasset" 274
"../../../Engine/Content/MobileResources/HUD/VirtualJoystick_Thumb.uexp" 275
"../../../Engine/Content/MobileResources/HUD/VirtualJoystick_Background.uasset" 276
"../../../Engine/Content/MobileResources/HUD/VirtualJoystick_Background.uexp" 277
"../../../Engine/Content/MobileResources/HUD/DefaultVirtualJoysticks.uasset" 278
"../../../Engine/Content/MobileResources/HUD/DefaultVirtualJoysticks.uexp" 279
"../../../Engine/Content/MobileResources/HUD/LeftVirtualJoystickOnly.uasset" 280
"../../../Engine/Content/MobileResources/HUD/LeftVirtualJoystickOnly.uexp" 281
"../../../Engine/Content/MobileResources/HUD/MobileHUDButton1_off.uasset" 282
"../../../Engine/Content/MobileResources/HUD/MobileHUDButton1_off.uexp" 283
"../../../Engine/Content/MobileResources/HUD/MobileHUDButton1_on.uasset" 284
"../../../Engine/Content/MobileResources/HUD/MobileHUDButton1_on.uexp" 285
"../../../Engine/Content/MobileResources/HUD/MobileHUDButton2_off.uasset" 286
"../../../Engine/Content/MobileResources/HUD/MobileHUDButton2_off.uexp" 287
"../../../Engine/Content/MobileResources/HUD/MobileHUDButton2_on.uasset" 288
"../../../Engine/Content/MobileResources/HUD/MobileHUDButton2_on.uexp" 289
"../../../Engine/Content/MobileResources/HUD/MobileHUDButton3.uasset" 290
"../../../Engine/Content/MobileResources/HUD/MobileHUDButton3.uexp" 291
"../../../Engine/Content/MobileResources/HUD/MobileHUDButtonFire.uasset" 292
"../../../Engine/Content/MobileResources/HUD/MobileHUDButtonFire.uexp" 293
"../../../Engine/Content/MobileResources/HUD/MobileHUDDirectionPad.uasset" 294
"../../../Engine/Content/MobileResources/HUD/MobileHUDDirectionPad.uexp" 295
"../../../Engine/Content/MobileResources/HUD/MobileHUDDirectionPad2.uasset" 296
"../../../Engine/Content/MobileResources/HUD/MobileHUDDirectionPad2.uexp" 297
"../../../Engine/Content/MobileResources/HUD/MobileHUDDirectionPad3.uasset" 298
"../../../Engine/Content/MobileResources/HUD/MobileHUDDirectionPad3.uexp" 299
"../../../Engine/Content/MobileResources/HUD/MobileHUDDirectionStick.uasset" 300
"../../../Engine/Content/MobileResources/HUD/MobileHUDDirectionStick.uexp" 301
"../../../Engine/Content/MobileResources/HUD/T_Castle_ThumbstickInner.uasset" 302
"../../../Engine/Content/MobileResources/HUD/T_Castle_ThumbstickInner.uexp" 303
"../../../Engine/Content/MobileResources/HUD/T_Castle_ThumbstickOutter.uasset" 304
"../../../Engine/Content/MobileResources/HUD/T_Castle_ThumbstickOutter.uexp" 305
"../../../Engine/Content/Tutorial/ContentIntroCurve.uasset" 306
"../../../Engine/Content/Tutorial/ContentIntroCurve.uexp" 307
"../../../Engine/Content/VREditor/TransformGizmo/TranslucentTransformGizmoMaterial.uasset" 308
"../../../Engine/Content/VREditor/TransformGizmo/TranslucentTransformGizmoMaterial.uexp" 309
"../../../Engine/Content/VREditor/LaserPointer/VR_LaserPower_01.uasset" 310
"../../../Engine/Content/VREditor/LaserPointer/VR_LaserPower_01.uexp" 311
"../../../Engine/Content/VREditor/LaserPointer/VR_LaserPower_01.ubulk" 312
"../../../Engine/Content/VREditor/TransformGizmo/TransformGizmoMaterial.uasset" 313
"../../../Engine/Content/VREditor/TransformGizmo/TransformGizmoMaterial.uexp" 314
"../../../Engine/Content/VREditor/TransformGizmo/BoundingBoxCorner.uasset" 315
"../../../Engine/Content/VREditor/TransformGizmo/BoundingBoxCorner.uexp" 316
"../../../Engine/Content/VREditor/TransformGizmo/BoundingBoxEdge.uasset" 317
"../../../Engine/Content/VREditor/TransformGizmo/BoundingBoxEdge.uexp" 318
"../../../Engine/Content/VREditor/TransformGizmo/PlaneTranslationHandle.uasset" 319
"../../../Engine/Content/VREditor/TransformGizmo/PlaneTranslationHandle.uexp" 320
"../../../Engine/Content/VREditor/TransformGizmo/Xray.uasset" 321
"../../../Engine/Content/VREditor/TransformGizmo/Xray.uexp" 322
"../../../Engine/Content/VREditor/TransformGizmo/Main.uasset" 323
"../../../Engine/Content/VREditor/TransformGizmo/Main.uexp" 324
"../../../Engine/Content/VREditor/TransformGizmo/SM_Sequencer_Key.uasset" 325
"../../../Engine/Content/VREditor/TransformGizmo/SM_Sequencer_Key.uexp" 326
"../../../Engine/Content/VREditor/TransformGizmo/SM_Sequencer_Node.uasset" 327
"../../../Engine/Content/VREditor/TransformGizmo/SM_Sequencer_Node.uexp" 328
"../../../Engine/Plugins/2D/Paper2D/Content/PlaceholderTextures/DummySpriteTexture.uasset" 329
"../../../Engine/Plugins/2D/Paper2D/Content/PlaceholderTextures/DummySpriteTexture.uexp" 330
"../../../Engine/Plugins/2D/Paper2D/Content/PlaceholderTextures/DummySpriteTexture.ubulk" 331
"../../../Engine/Plugins/2D/Paper2D/Content/DummySprite.uasset" 332
"../../../Engine/Plugins/2D/Paper2D/Content/DummySprite.uexp" 333
"../../../Engine/Plugins/2D/Paper2D/Content/DefaultPaperTerrainMaterial.uasset" 334
"../../../Engine/Plugins/2D/Paper2D/Content/DefaultPaperTerrainMaterial.uexp" 335
"../../../Engine/Plugins/2D/Paper2D/Content/DefaultSpriteMaterial.uasset" 336
"../../../Engine/Plugins/2D/Paper2D/Content/DefaultSpriteMaterial.uexp" 337
"../../../Engine/Plugins/2D/Paper2D/Content/MaskedUnlitSpriteMaterial.uasset" 338
"../../../Engine/Plugins/2D/Paper2D/Content/MaskedUnlitSpriteMaterial.uexp" 339
"../../../Engine/Plugins/2D/Paper2D/Content/OpaqueUnlitSpriteMaterial.uasset" 340
"../../../Engine/Plugins/2D/Paper2D/Content/OpaqueUnlitSpriteMaterial.uexp" 341
"../../../Engine/Content/BasicShapes/Cylinder.uasset" 342
"../../../Engine/Content/BasicShapes/Cylinder.uexp" 343
"../../../Engine/Content/ArtTools/RenderToTexture/Materials/Debug/M_Emissive_Color.uasset" 344
"../../../Engine/Content/ArtTools/RenderToTexture/Materials/Debug/M_Emissive_Color.uexp" 345
"../../../Engine/Plugins/Lumin/MagicLeapPassableWorld/Content/MagicLeapARPinInfoActor.uasset" 346
"../../../Engine/Plugins/Lumin/MagicLeapPassableWorld/Content/MagicLeapARPinInfoActor.uexp" 347
"../../../Engine/Content/EngineResources/Black.uasset" 348
"../../../Engine/Content/EngineResources/Black.uexp" 349
"../../../Engine/Plugins/Runtime/OpenXR/Content/Devices/GoogleDaydream/MRTexture.uasset" 350
"../../../Engine/Plugins/Runtime/OpenXR/Content/Devices/GoogleDaydream/MRTexture.uexp" 351
"../../../Engine/Plugins/Runtime/OpenXR/Content/Devices/GoogleDaydream/MRTexture.ubulk" 352
"../../../Engine/Plugins/Runtime/OpenXR/Content/Devices/GoogleDaydream/BaseTexture.uasset" 353
"../../../Engine/Plugins/Runtime/OpenXR/Content/Devices/GoogleDaydream/BaseTexture.uexp" 354
"../../../Engine/Plugins/Runtime/OpenXR/Content/Devices/GoogleDaydream/BaseTexture.ubulk" 355
"../../../Engine/Plugins/Runtime/OpenXR/Content/Devices/M_XRController.uasset" 356
"../../../Engine/Plugins/Runtime/OpenXR/Content/Devices/M_XRController.uexp" 357
"../../../Engine/Plugins/Runtime/OpenXR/Content/Devices/GoogleDaydream/MI_GoogleDaydream.uasset" 358
"../../../Engine/Plugins/Runtime/OpenXR/Content/Devices/GoogleDaydream/MI_GoogleDaydream.uexp" 359
"../../../Engine/Plugins/Runtime/OpenXR/Content/Devices/GoogleDaydream/GoogleDaydreamController.uasset" 360
"../../../Engine/Plugins/Runtime/OpenXR/Content/Devices/GoogleDaydream/GoogleDaydreamController.uexp" 361
"../../../Engine/Plugins/Runtime/OpenXR/Content/Devices/HTCVive/BaseTexture.uasset" 362
"../../../Engine/Plugins/Runtime/OpenXR/Content/Devices/HTCVive/BaseTexture.uexp" 363
"../../../Engine/Plugins/Runtime/OpenXR/Content/Devices/HTCVive/BaseTexture.ubulk" 364
"../../../Engine/Plugins/Runtime/OpenXR/Content/Devices/HTCVive/MI_HTCVive.uasset" 365
"../../../Engine/Plugins/Runtime/OpenXR/Content/Devices/HTCVive/MI_HTCVive.uexp" 366
"../../../Engine/Plugins/Runtime/OpenXR/Content/Devices/HTCVive/HTCViveController.uasset" 367
"../../../Engine/Plugins/Runtime/OpenXR/Content/Devices/HTCVive/HTCViveController.uexp" 368
"../../../Engine/Plugins/Runtime/OpenXR/Content/Devices/MicrosoftMixedReality/NormalTexture.uasset" 369
"../../../Engine/Plugins/Runtime/OpenXR/Content/Devices/MicrosoftMixedReality/NormalTexture.uexp" 370
"../../../Engine/Plugins/Runtime/OpenXR/Content/Devices/MicrosoftMixedReality/NormalTexture.ubulk" 371
"../../../Engine/Plugins/Runtime/OpenXR/Content/Devices/MicrosoftMixedReality/MRTexture.uasset" 372
"../../../Engine/Plugins/Runtime/OpenXR/Content/Devices/MicrosoftMixedReality/MRTexture.uexp" 373
"../../../Engine/Plugins/Runtime/OpenXR/Content/Devices/MicrosoftMixedReality/MRTexture.ubulk" 374
"../../../Engine/Plugins/Runtime/OpenXR/Content/Devices/MicrosoftMixedReality/EmissiveTexture.uasset" 375
"../../../Engine/Plugins/Runtime/OpenXR/Content/Devices/MicrosoftMixedReality/EmissiveTexture.uexp" 376
"../../../Engine/Plugins/Runtime/OpenXR/Content/Devices/MicrosoftMixedReality/EmissiveTexture.ubulk" 377
"../../../Engine/Plugins/Runtime/OpenXR/Content/Devices/MicrosoftMixedReality/BaseTexture.uasset" 378
"../../../Engine/Plugins/Runtime/OpenXR/Content/Devices/MicrosoftMixedReality/BaseTexture.uexp" 379
"../../../Engine/Plugins/Runtime/OpenXR/Content/Devices/MicrosoftMixedReality/BaseTexture.ubulk" 380
"../../../Engine/Plugins/Runtime/OpenXR/Content/Devices/MicrosoftMixedReality/MI_MicrosoftMixedReality.uasset" 381
"../../../Engine/Plugins/Runtime/OpenXR/Content/Devices/MicrosoftMixedReality/MI_MicrosoftMixedReality.uexp" 382
"../../../Engine/Plugins/Runtime/OpenXR/Content/Devices/MicrosoftMixedReality/Left/left_MicrosoftMixedRealityController.uasset" 383
"../../../Engine/Plugins/Runtime/OpenXR/Content/Devices/MicrosoftMixedReality/Left/left_MicrosoftMixedRealityController.uexp" 384
"../../../Engine/Plugins/Runtime/OpenXR/Content/Devices/MicrosoftMixedReality/Right/right_MicrosoftMixedRealityController.uasset" 385
"../../../Engine/Plugins/Runtime/OpenXR/Content/Devices/MicrosoftMixedReality/Right/right_MicrosoftMixedRealityController.uexp" 386
"../../../Engine/Plugins/Runtime/OpenXR/Content/Devices/OculusGo/BaseTexture.uasset" 387
"../../../Engine/Plugins/Runtime/OpenXR/Content/Devices/OculusGo/BaseTexture.uexp" 388
"../../../Engine/Plugins/Runtime/OpenXR/Content/Devices/OculusGo/BaseTexture.ubulk" 389
"../../../Engine/Plugins/Runtime/OpenXR/Content/Devices/OculusGo/MI_OculusGo.uasset" 390
"../../../Engine/Plugins/Runtime/OpenXR/Content/Devices/OculusGo/MI_OculusGo.uexp" 391
"../../../Engine/Plugins/Runtime/OpenXR/Content/Devices/OculusGo/OculusGoController.uasset" 392
"../../../Engine/Plugins/Runtime/OpenXR/Content/Devices/OculusGo/OculusGoController.uexp" 393
"../../../Engine/Plugins/Runtime/OpenXR/Content/Devices/OculusTouch/MRTexture.uasset" 394
"../../../Engine/Plugins/Runtime/OpenXR/Content/Devices/OculusTouch/MRTexture.uexp" 395
"../../../Engine/Plugins/Runtime/OpenXR/Content/Devices/OculusTouch/MRTexture.ubulk" 396
"../../../Engine/Plugins/Runtime/OpenXR/Content/Devices/OculusTouch/BaseTexture.uasset" 397
"../../../Engine/Plugins/Runtime/OpenXR/Content/Devices/OculusTouch/BaseTexture.uexp" 398
"../../../Engine/Plugins/Runtime/OpenXR/Content/Devices/OculusTouch/BaseTexture.ubulk" 399
"../../../Engine/Plugins/Runtime/OpenXR/Content/Devices/OculusTouch/MI_OculusTouch.uasset" 400
"../../../Engine/Plugins/Runtime/OpenXR/Content/Devices/OculusTouch/MI_OculusTouch.uexp" 401
"../../../Engine/Plugins/Runtime/OpenXR/Content/Devices/OculusTouch/Left/left_OculusTouchController.uasset" 402
"../../../Engine/Plugins/Runtime/OpenXR/Content/Devices/OculusTouch/Left/left_OculusTouchController.uexp" 403
"../../../Engine/Plugins/Runtime/OpenXR/Content/Devices/OculusTouch/Right/right_OculusTouchController.uasset" 404
"../../../Engine/Plugins/Runtime/OpenXR/Content/Devices/OculusTouch/Right/right_OculusTouchController.uexp" 405
"../../../Engine/Plugins/Runtime/OpenXR/Content/Devices/OculusTouch_v2/MRTexture.uasset" 406
"../../../Engine/Plugins/Runtime/OpenXR/Content/Devices/OculusTouch_v2/MRTexture.uexp" 407
"../../../Engine/Plugins/Runtime/OpenXR/Content/Devices/OculusTouch_v2/MRTexture.ubulk" 408
"../../../Engine/Plugins/Runtime/OpenXR/Content/Devices/OculusTouch_v2/BaseTexture.uasset" 409
"../../../Engine/Plugins/Runtime/OpenXR/Content/Devices/OculusTouch_v2/BaseTexture.uexp" 410
"../../../Engine/Plugins/Runtime/OpenXR/Content/Devices/OculusTouch_v2/BaseTexture.ubulk" 411
"../../../Engine/Plugins/Runtime/OpenXR/Content/Devices/OculusTouch_v2/MI_OculusTouch_v2.uasset" 412
"../../../Engine/Plugins/Runtime/OpenXR/Content/Devices/OculusTouch_v2/MI_OculusTouch_v2.uexp" 413
"../../../Engine/Plugins/Runtime/OpenXR/Content/Devices/OculusTouch_v2/Left/left_OculusTouch_v2Controller.uasset" 414
"../../../Engine/Plugins/Runtime/OpenXR/Content/Devices/OculusTouch_v2/Left/left_OculusTouch_v2Controller.uexp" 415
"../../../Engine/Plugins/Runtime/OpenXR/Content/Devices/OculusTouch_v2/Right/right_OculusTouch_v2Controller.uasset" 416
"../../../Engine/Plugins/Runtime/OpenXR/Content/Devices/OculusTouch_v2/Right/right_OculusTouch_v2Controller.uexp" 417
"../../../Engine/Plugins/Runtime/OpenXR/Content/Devices/OculusTouch_v3/MRTexture.uasset" 418
"../../../Engine/Plugins/Runtime/OpenXR/Content/Devices/OculusTouch_v3/MRTexture.uexp" 419
"../../../Engine/Plugins/Runtime/OpenXR/Content/Devices/OculusTouch_v3/MRTexture.ubulk" 420
"../../../Engine/Plugins/Runtime/OpenXR/Content/Devices/OculusTouch_v3/BaseTexture.uasset" 421
"../../../Engine/Plugins/Runtime/OpenXR/Content/Devices/OculusTouch_v3/BaseTexture.uexp" 422
"../../../Engine/Plugins/Runtime/OpenXR/Content/Devices/OculusTouch_v3/BaseTexture.ubulk" 423
"../../../Engine/Plugins/Runtime/OpenXR/Content/Devices/OculusTouch_v3/MI_OculusTouch_v3.uasset" 424
"../../../Engine/Plugins/Runtime/OpenXR/Content/Devices/OculusTouch_v3/MI_OculusTouch_v3.uexp" 425
"../../../Engine/Plugins/Runtime/OpenXR/Content/Devices/OculusTouch_v3/Left/left_OculusTouch_v3Controller.uasset" 426
"../../../Engine/Plugins/Runtime/OpenXR/Content/Devices/OculusTouch_v3/Left/left_OculusTouch_v3Controller.uexp" 427
"../../../Engine/Plugins/Runtime/OpenXR/Content/Devices/OculusTouch_v3/Right/right_OculusTouch_v3Controller.uasset" 428
"../../../Engine/Plugins/Runtime/OpenXR/Content/Devices/OculusTouch_v3/Right/right_OculusTouch_v3Controller.uexp" 429
"../../../Engine/Plugins/Runtime/OpenXR/Content/Devices/ValveIndex/MRTexture.uasset" 430
"../../../Engine/Plugins/Runtime/OpenXR/Content/Devices/ValveIndex/MRTexture.uexp" 431
"../../../Engine/Plugins/Runtime/OpenXR/Content/Devices/ValveIndex/MRTexture.ubulk" 432
"../../../Engine/Plugins/Runtime/OpenXR/Content/Devices/ValveIndex/BaseTexture.uasset" 433
"../../../Engine/Plugins/Runtime/OpenXR/Content/Devices/ValveIndex/BaseTexture.uexp" 434
"../../../Engine/Plugins/Runtime/OpenXR/Content/Devices/ValveIndex/BaseTexture.ubulk" 435
"../../../Engine/Plugins/Runtime/OpenXR/Content/Devices/ValveIndex/Left/MI_left_ValveIndex.uasset" 436
"../../../Engine/Plugins/Runtime/OpenXR/Content/Devices/ValveIndex/Left/MI_left_ValveIndex.uexp" 437
"../../../Engine/Plugins/Runtime/OpenXR/Content/Devices/ValveIndex/Left/left_ValveIndexController.uasset" 438
"../../../Engine/Plugins/Runtime/OpenXR/Content/Devices/ValveIndex/Left/left_ValveIndexController.uexp" 439
"../../../Engine/Plugins/Runtime/OpenXR/Content/Devices/ValveIndex/Right/MI_right_ValveIndex.uasset" 440
"../../../Engine/Plugins/Runtime/OpenXR/Content/Devices/ValveIndex/Right/MI_right_ValveIndex.uexp" 441
"../../../Engine/Plugins/Runtime/OpenXR/Content/Devices/ValveIndex/Right/right_ValveIndexController.uasset" 442
"../../../Engine/Plugins/Runtime/OpenXR/Content/Devices/ValveIndex/Right/right_ValveIndexController.uexp" 443
"../../../Engine/Content/Functions/Engine_MaterialFunctions02/Utility/VectorLength.uasset" 444
"../../../Engine/Content/Functions/Engine_MaterialFunctions02/Utility/VectorLength.uexp" 445
"../../../Engine/Content/Functions/Engine_MaterialFunctions02/ObjectLocalBounds.uasset" 446
"../../../Engine/Content/Functions/Engine_MaterialFunctions02/ObjectLocalBounds.uexp" 447
"../../../Engine/Content/Functions/Engine_MaterialFunctions02/WorldPositionOffset/ObjectScale.uasset" 448
"../../../Engine/Content/Functions/Engine_MaterialFunctions02/WorldPositionOffset/ObjectScale.uexp" 449
"../../../Engine/Content/Functions/Engine_MaterialFunctions02/Utility/BreakOutFloat3Components.uasset" 450
"../../../Engine/Content/Functions/Engine_MaterialFunctions02/Utility/BreakOutFloat3Components.uexp" 451
"../../../Engine/Content/Functions/Engine_MaterialFunctions02/UVs/BoundingBoxBased_0-1_UVW.uasset" 452
"../../../Engine/Content/Functions/Engine_MaterialFunctions02/UVs/BoundingBoxBased_0-1_UVW.uexp" 453
"../../../Engine/Content/Functions/Engine_MaterialFunctions02/SafeNormalize.uasset" 454
"../../../Engine/Content/Functions/Engine_MaterialFunctions02/SafeNormalize.uexp" 455
"../../../Engine/Plugins/Editor/SpeedTreeImporter/Content/SpeedTree9/UnpackInteger3.uasset" 456
"../../../Engine/Plugins/Editor/SpeedTreeImporter/Content/SpeedTree9/UnpackInteger3.uexp" 457
"../../../Engine/Plugins/Editor/SpeedTreeImporter/Content/SpeedTree9/UnpackDirection.uasset" 458
"../../../Engine/Plugins/Editor/SpeedTreeImporter/Content/SpeedTree9/UnpackDirection.uexp" 459
"../../../Engine/Plugins/Editor/SpeedTreeImporter/Content/SpeedTree9/game_wind_noise.uasset" 460
"../../../Engine/Plugins/Editor/SpeedTreeImporter/Content/SpeedTree9/game_wind_noise.uexp" 461
"../../../Engine/Plugins/Editor/SpeedTreeImporter/Content/SpeedTree9/game_wind_noise.ubulk" 462
"../../../Engine/Plugins/Editor/SpeedTreeImporter/Content/SpeedTree9/SpeedTreeWindMotion.uasset" 463
"../../../Engine/Plugins/Editor/SpeedTreeImporter/Content/SpeedTree9/SpeedTreeWindMotion.uexp" 464
"../../../Engine/Plugins/Editor/SpeedTreeImporter/Content/SpeedTree9/SpeedTreeBranchMotion.uasset" 465
"../../../Engine/Plugins/Editor/SpeedTreeImporter/Content/SpeedTree9/SpeedTreeBranchMotion.uexp" 466
"../../../Engine/Plugins/Editor/SpeedTreeImporter/Content/SpeedTree9/SpeedTreeWind.uasset" 467
"../../../Engine/Plugins/Editor/SpeedTreeImporter/Content/SpeedTree9/SpeedTreeWind.uexp" 468
"../../../Engine/Plugins/Editor/SpeedTreeImporter/Content/SpeedTree9/SpeedTreeBillboard.uasset" 469
"../../../Engine/Plugins/Editor/SpeedTreeImporter/Content/SpeedTree9/SpeedTreeBillboard.uexp" 470
"../../../Engine/Plugins/Editor/SpeedTreeImporter/Content/SpeedTree9/EmptyNormal.uasset" 471
"../../../Engine/Plugins/Editor/SpeedTreeImporter/Content/SpeedTree9/EmptyNormal.uexp" 472
"../../../Engine/Plugins/Editor/SpeedTreeImporter/Content/SpeedTree9/Empty.uasset" 473
"../../../Engine/Plugins/Editor/SpeedTreeImporter/Content/SpeedTree9/Empty.uexp" 474
"../../../Engine/Plugins/Editor/SpeedTreeImporter/Content/SpeedTree9/SpeedTreeBillboardMaster.uasset" 475
"../../../Engine/Plugins/Editor/SpeedTreeImporter/Content/SpeedTree9/SpeedTreeBillboardMaster.uexp" 476
"../../../Engine/Plugins/Editor/SpeedTreeImporter/Content/SpeedTree9/SpeedTreeCameraFacing.uasset" 477
"../../../Engine/Plugins/Editor/SpeedTreeImporter/Content/SpeedTree9/SpeedTreeCameraFacing.uexp" 478
"../../../Engine/Plugins/Editor/SpeedTreeImporter/Content/SpeedTree9/SpeedTreeMaster.uasset" 479
"../../../Engine/Plugins/Editor/SpeedTreeImporter/Content/SpeedTree9/SpeedTreeMaster.uexp" 480
"../../../Engine/Content/Functions/Engine_MaterialFunctions02/Utility/BreakOutFloat4Components.uasset" 481
"../../../Engine/Content/Functions/Engine_MaterialFunctions02/Utility/BreakOutFloat4Components.uexp" 482
"../../../Engine/Content/Functions/Engine_MaterialFunctions02/Utility/MakeFloat3.uasset" 483
"../../../Engine/Content/Functions/Engine_MaterialFunctions02/Utility/MakeFloat3.uexp" 484
"../../../Engine/Plugins/Runtime/Oculus/OculusVR/Content/Materials/OculusMR_ChromaKey.uasset" 485
"../../../Engine/Plugins/Runtime/Oculus/OculusVR/Content/Materials/OculusMR_ChromaKey.uexp" 486
"../../../Engine/Plugins/Runtime/Oculus/OculusVR/Content/Materials/OculusMR_OpaqueColoredMaterial.uasset" 487
"../../../Engine/Plugins/Runtime/Oculus/OculusVR/Content/Materials/OculusMR_OpaqueColoredMaterial.uexp" 488
"../../../Engine/Plugins/Runtime/Oculus/OculusVR/Content/Materials/PokeAHoleMaterial.uasset" 489
"../../../Engine/Plugins/Runtime/Oculus/OculusVR/Content/Materials/PokeAHoleMaterial.uexp" 490
"../../../Engine/Plugins/Runtime/Oculus/OculusVR/Content/Textures/touchController_controlmap.uasset" 491
"../../../Engine/Plugins/Runtime/Oculus/OculusVR/Content/Textures/touchController_controlmap.uexp" 492
"../../../Engine/Plugins/Runtime/Oculus/OculusVR/Content/Textures/touchController_controlmap.ubulk" 493
"../../../Engine/Plugins/Runtime/Oculus/OculusVR/Content/Textures/touchController_albedo.uasset" 494
"../../../Engine/Plugins/Runtime/Oculus/OculusVR/Content/Textures/touchController_albedo.uexp" 495
"../../../Engine/Plugins/Runtime/Oculus/OculusVR/Content/Textures/touchController_albedo.ubulk" 496
"../../../Engine/Plugins/Runtime/Oculus/OculusVR/Content/Materials/touchController_mat.uasset" 497
"../../../Engine/Plugins/Runtime/Oculus/OculusVR/Content/Materials/touchController_mat.uexp" 498
"../../../Engine/Plugins/Runtime/Oculus/OculusVR/Content/Meshes/LeftTouchController.uasset" 499
"../../../Engine/Plugins/Runtime/Oculus/OculusVR/Content/Meshes/LeftTouchController.uexp" 500
"../../../Engine/Plugins/Runtime/Oculus/OculusVR/Content/Textures/TouchForQuestRiftSController_albedo.uasset" 501
"../../../Engine/Plugins/Runtime/Oculus/OculusVR/Content/Textures/TouchForQuestRiftSController_albedo.uexp" 502
"../../../Engine/Plugins/Runtime/Oculus/OculusVR/Content/Textures/TouchForQuestRiftSController_albedo.ubulk" 503
"../../../Engine/Plugins/Runtime/Oculus/OculusVR/Content/Materials/TouchForQuestRiftSControllerMaterial.uasset" 504
"../../../Engine/Plugins/Runtime/Oculus/OculusVR/Content/Materials/TouchForQuestRiftSControllerMaterial.uexp" 505
"../../../Engine/Plugins/Runtime/Oculus/OculusVR/Content/Meshes/LeftTouchForQuestRiftSController.uasset" 506
"../../../Engine/Plugins/Runtime/Oculus/OculusVR/Content/Meshes/LeftTouchForQuestRiftSController.uexp" 507
"../../../Engine/Plugins/Runtime/Oculus/OculusVR/Content/Meshes/RiftHMD.uasset" 508
"../../../Engine/Plugins/Runtime/Oculus/OculusVR/Content/Meshes/RiftHMD.uexp" 509
"../../../Engine/Plugins/Runtime/Oculus/OculusVR/Content/Meshes/RightTouchController.uasset" 510
"../../../Engine/Plugins/Runtime/Oculus/OculusVR/Content/Meshes/RightTouchController.uexp" 511
"../../../Engine/Plugins/Runtime/Oculus/OculusVR/Content/Meshes/RightTouchForQuestRiftSController.uasset" 512
"../../../Engine/Plugins/Runtime/Oculus/OculusVR/Content/Meshes/RightTouchForQuestRiftSController.uexp" 513
"../../../Engine/Content/MapTemplates/SM_Template_Map_Floor.uasset" 514
"../../../Engine/Content/MapTemplates/SM_Template_Map_Floor.uexp" 515
"C:/Users/akrys/OneDrive/Dokumenty/Unreal Projects/blaeruuner/Content/ballrunner_BuiltData.uasset" 516
"C:/Users/akrys/OneDrive/Dokumenty/Unreal Projects/blaeruuner/Content/ballrunner_BuiltData.uexp" 517
"C:/Users/akrys/OneDrive/Dokumenty/Unreal Projects/blaeruuner/Content/ballrunner_BuiltData.ubulk" 518
"../../../Engine/Content/BasicShapes/Sphere.uasset" 519
"../../../Engine/Content/BasicShapes/Sphere.uexp" 520
"../../../Engine/Content/EditorBlueprintResources/StandardMacros.uasset" 521
"../../../Engine/Content/EditorBlueprintResources/StandardMacros.uexp" 522
"../../../Engine/Content/BasicShapes/BasicShapeMaterial.uasset" 523
"../../../Engine/Content/BasicShapes/BasicShapeMaterial.uexp" 524
"C:/Users/akrys/OneDrive/Dokumenty/Unreal Projects/blaeruuner/Content/blueprintss/ball_bp.uasset" 525
"C:/Users/akrys/OneDrive/Dokumenty/Unreal Projects/blaeruuner/Content/blueprintss/ball_bp.uexp" 526
"../../../Engine/Content/BasicShapes/Cube.uasset" 527
"../../../Engine/Content/BasicShapes/Cube.uexp" 528
"C:/Users/akrys/OneDrive/Dokumenty/Unreal Projects/blaeruuner/Content/blueprintss/platforma.uasset" 529
"C:/Users/akrys/OneDrive/Dokumenty/Unreal Projects/blaeruuner/Content/blueprintss/platforma.uexp" 530
"C:/Users/akrys/OneDrive/Dokumenty/Unreal Projects/blaeruuner/Content/blueprintss/gamemode.uasset" 531
"C:/Users/akrys/OneDrive/Dokumenty/Unreal Projects/blaeruuner/Content/blueprintss/gamemode.uexp" 532
"C:/Users/akrys/OneDrive/Dokumenty/Unreal Projects/blaeruuner/Content/ballrunner.uexp" 533
"C:/Users/akrys/OneDrive/Dokumenty/Unreal Projects/blaeruuner/Content/ballrunner.umap" 534
"../../../Engine/Content/EngineSky/T_Sky_Stars.uasset" 535
"../../../Engine/Content/EngineSky/T_Sky_Stars.uexp" 536
"../../../Engine/Content/EngineSky/T_Sky_Stars.ubulk" 537
"../../../Engine/Content/EngineSky/T_Sky_Clouds_M.uasset" 538
"../../../Engine/Content/EngineSky/T_Sky_Clouds_M.uexp" 539
"../../../Engine/Content/EngineSky/T_Sky_Clouds_M.ubulk" 540
"../../../Engine/Content/EngineSky/T_Sky_Blue.uasset" 541
"../../../Engine/Content/EngineSky/T_Sky_Blue.uexp" 542
"../../../Engine/Content/EngineSky/T_Sky_Blue.ubulk" 543
"../../../Engine/Content/EngineSky/M_Sky_Panning_Clouds2.uasset" 544
"../../../Engine/Content/EngineSky/M_Sky_Panning_Clouds2.uexp" 545
"C:/Users/akrys/OneDrive/Dokumenty/Unreal Projects/blaeruuner/Content/glupinigger_BuiltData.uasset" 546
"C:/Users/akrys/OneDrive/Dokumenty/Unreal Projects/blaeruuner/Content/glupinigger_BuiltData.uexp" 547
"C:/Users/akrys/OneDrive/Dokumenty/Unreal Projects/blaeruuner/Content/glupinigger_BuiltData.ubulk" 548
"../../../Engine/Content/EngineSky/SM_SkySphere.uasset" 549
"../../../Engine/Content/EngineSky/SM_SkySphere.uexp" 550
"../../../Engine/Content/EngineSky/C_Sky_Zenith_Color.uasset" 551
"../../../Engine/Content/EngineSky/C_Sky_Zenith_Color.uexp" 552
"../../../Engine/Content/EngineSky/C_Sky_Horizon_Color.uasset" 553
"../../../Engine/Content/EngineSky/C_Sky_Horizon_Color.uexp" 554
"../../../Engine/Content/EngineSky/C_Sky_Cloud_Color.uasset" 555
"../../../Engine/Content/EngineSky/C_Sky_Cloud_Color.uexp" 556
"../../../Engine/Content/EngineSky/BP_Sky_Sphere.uasset" 557
"../../../Engine/Content/EngineSky/BP_Sky_Sphere.uexp" 558
"C:/Users/akrys/OneDrive/Dokumenty/Unreal Projects/blaeruuner/Content/glupinigger.uexp" 559
"C:/Users/akrys/OneDrive/Dokumenty/Unreal Projects/blaeruuner/Content/glupinigger.umap" 560
"C:/Users/akrys/OneDrive/Dokumenty/Unreal Projects/blaeruuner/Content/ballrunner1_BuiltData.uasset" 561
"C:/Users/akrys/OneDrive/Dokumenty/Unreal Projects/blaeruuner/Content/ballrunner1_BuiltData.uexp" 562
"C:/Users/akrys/OneDrive/Dokumenty/Unreal Projects/blaeruuner/Content/ballrunner1_BuiltData.ubulk" 563
"../../../Engine/Content/BasicShapes/Cone.uasset" 564
"../../../Engine/Content/BasicShapes/Cone.uexp" 565
"C:/Users/akrys/OneDrive/Dokumenty/Unreal Projects/blaeruuner/Content/blueprintss/cristal.uasset" 566
"C:/Users/akrys/OneDrive/Dokumenty/Unreal Projects/blaeruuner/Content/blueprintss/cristal.uexp" 567
"C:/Users/akrys/OneDrive/Dokumenty/Unreal Projects/blaeruuner/Content/ballrunner1.uexp" 568
"C:/Users/akrys/OneDrive/Dokumenty/Unreal Projects/blaeruuner/Content/ballrunner1.umap" 569
"../../../Engine/Content/Maps/Entry_BuiltData.uasset" 570
"../../../Engine/Content/Maps/Entry_BuiltData.uexp" 571
"../../../Engine/Content/Maps/Entry.uexp" 572
"../../../Engine/Content/Maps/Entry.umap" 573
